<?xml version="1.0" encoding="UTF-8"?>
<!-- Generated by org.testng.reporters.JUnitXMLReporter -->
<testsuite ignored="0" hostname="CHAKRI" failures="1" tests="1" name="Default test" time="6.241" errors="0" timestamp="2025-09-03T18:44:14 IST">
  <testcase classname="io.cucumber.testng.AbstractTestNGCucumberTests" name="runScenario" time="5.696">
    <failure type="java.lang.AssertionError" message="The following asserts failed:
	expected [Influencer Dashboard - Influencer Adsense | Influencer Adsense] but found [Login | Influencer Adsense | Influencer Adsense]">
      <![CDATA[java.lang.AssertionError: The following asserts failed:
expected [Influencer Dashboard - Influencer Adsense | Influencer Adsense] but found [Login | Influencer Adsense | Influencer Adsense]
at org.testng.asserts.SoftAssert.assertAll(SoftAssert.java:46)
at org.testng.asserts.SoftAssert.assertAll(SoftAssert.java:30)
at com.example.steps.LoginSteps.user_should_be_navigated_to_home_page(LoginSteps.java:34)
at ✽.user should be navigated to home page(file:///C:/Users/Chakr/eclipse-workspace/com.pract.selenium/src/test/resources/features/Login.feature:7)
]]>
    </failure>
  </testcase> <!-- runScenario -->
</testsuite> <!-- Default test -->
